<?xml version="1.0" encoding="UTF-8"?>
<!-- Generated by org.testng.reporters.JUnitXMLReporter -->
<testsuite hostname="DESKTOP-DR1804F" ignored="4" name="Default test" tests="1" failures="0" timestamp="28 Jul 2017 13:45:41 GMT" time="75.628" errors="0">
  <testcase name="FlightInfoTC" time="44.552" classname="testcases.TC1"/>
  <testcase name="@AfterTest afterTest" time="0.0" classname="base.Configuration">
    <ignored/>
  </testcase> <!-- @AfterTest afterTest -->
  <testcase name="@AfterSuite afterSuite" time="0.0" classname="base.Configuration">
    <ignored/>
  </testcase> <!-- @AfterSuite afterSuite -->
  <testcase name="@BeforeTest beforeTest" time="0.0" classname="base.Configuration">
    <ignored/>
  </testcase> <!-- @BeforeTest beforeTest -->
  <testcase name="@BeforeSuite beforeSuite" time="0.0" classname="base.Configuration">
    <ignored/>
  </testcase> <!-- @BeforeSuite beforeSuite -->
</testsuite> <!-- Default test -->
