<?xml version="1.0" encoding="UTF-8"?>
<testng-results skipped="0" failed="0" ignored="4" total="5" passed="1">
  <reporter-output>
  </reporter-output>
  <suite name="Default suite" duration-ms="75628" started-at="2017-07-28T13:44:26Z" finished-at="2017-07-28T13:45:41Z">
    <groups>
    </groups>
    <test name="Default test" duration-ms="75628" started-at="2017-07-28T13:44:26Z" finished-at="2017-07-28T13:45:41Z">
      <class name="testcases.TC1">
        <test-method status="PASS" signature="beforeSuite()[pri:0, instance:testcases.TC1@56235b8e]" name="beforeSuite" is-config="true" duration-ms="49" started-at="2017-07-28T09:44:26Z" finished-at="2017-07-28T09:44:26Z">
          <reporter-output>
          </reporter-output>
        </test-method> <!-- beforeSuite -->
        <test-method status="PASS" signature="beforeTest()[pri:0, instance:testcases.TC1@56235b8e]" name="beforeTest" is-config="true" duration-ms="31013" started-at="2017-07-28T09:44:26Z" finished-at="2017-07-28T09:44:57Z">
          <reporter-output>
          </reporter-output>
        </test-method> <!-- beforeTest -->
        <test-method status="PASS" signature="FlightInfoTC()[pri:0, instance:testcases.TC1@56235b8e]" name="FlightInfoTC" duration-ms="44552" started-at="2017-07-28T09:44:57Z" finished-at="2017-07-28T09:45:41Z">
          <reporter-output>
          </reporter-output>
        </test-method> <!-- FlightInfoTC -->
        <test-method status="PASS" signature="afterTest()[pri:0, instance:testcases.TC1@56235b8e]" name="afterTest" is-config="true" duration-ms="1" started-at="2017-07-28T09:45:41Z" finished-at="2017-07-28T09:45:41Z">
          <reporter-output>
          </reporter-output>
        </test-method> <!-- afterTest -->
        <test-method status="PASS" signature="afterSuite()[pri:0, instance:testcases.TC1@56235b8e]" name="afterSuite" is-config="true" duration-ms="1" started-at="2017-07-28T09:45:41Z" finished-at="2017-07-28T09:45:41Z">
          <reporter-output>
          </reporter-output>
        </test-method> <!-- afterSuite -->
      </class> <!-- testcases.TC1 -->
    </test> <!-- Default test -->
  </suite> <!-- Default suite -->
</testng-results>
